============================= test session starts =============================
platform win32 -- Python 3.14.3, pytest-8.3.0, pluggy-1.6.0 -- C:\Users\Cleverok\Documents\VSCProjects\OPI_ISURPP\backend\.venv\Scripts\python.exe
cachedir: .pytest_cache
rootdir: C:\Users\Cleverok\Documents\VSCProjects\OPI_ISURPP\backend
configfile: pytest.ini
testpaths: tests
plugins: anyio-4.12.1, asyncio-0.23.8
asyncio: mode=Mode.AUTO
collecting ... collected 55 items

tests/api/v1/test_competence.py::TestCompetenceCreate::test_create_competence_success PASSED [  1%]
tests/api/v1/test_competence.py::TestCompetenceCreate::test_create_competence_duplicate PASSED [  3%]
tests/api/v1/test_competence.py::TestCompetenceCreate::test_create_competence_no_description PASSED [  5%]
tests/api/v1/test_competence.py::TestCompetenceUpdate::test_update_competence_success PASSED [  7%]
tests/api/v1/test_employee.py::TestEmployeeCreate::test_create_employee_success PASSED [  9%]
tests/api/v1/test_employee.py::TestEmployeeCreate::test_create_employee_with_competences PASSED [ 10%]
tests/api/v1/test_employee.py::TestEmployeeRead::test_get_employees_list PASSED [ 12%]
tests/api/v1/test_employee.py::TestEmployeeRead::test_get_employee_by_id PASSED [ 14%]
tests/api/v1/test_employee.py::TestEmployeeUpdate::test_update_employee PASSED [ 16%]
tests/api/v1/test_employee.py::TestEmployeeUpdate::test_add_competence_to_employee PASSED [ 18%]
tests/api/v1/test_employee.py::TestEmployeeUpdate::test_remove_competence_from_employee PASSED [ 20%]
tests/api/v1/test_employee.py::TestEmployeeDelete::test_delete_employee PASSED [ 21%]
tests/api/v1/test_equipment.py::TestEquipmentCreate::test_create_equipment_success PASSED [ 23%]
tests/api/v1/test_equipment.py::TestEquipmentCreate::test_create_equipment_duplicate PASSED [ 25%]
tests/api/v1/test_equipment.py::TestEquipmentCreate::test_create_equipment_negative_quantity PASSED [ 27%]
tests/api/v1/test_equipment.py::TestEquipmentRead::test_get_equipment_available PASSED [ 29%]
tests/api/v1/test_equipment.py::TestEquipmentQuantityUpdate::test_update_quantity_success PASSED [ 30%]
tests/api/v1/test_equipment.py::TestEquipmentQuantityUpdate::test_update_quantity_negative PASSED [ 32%]
tests/api/v1/test_ingredient.py::TestIngredientCreate::test_create_ingredient_success PASSED [ 34%]
tests/api/v1/test_ingredient.py::TestIngredientCreate::test_create_ingredient_duplicate PASSED [ 36%]
tests/api/v1/test_ingredient.py::TestIngredientCreate::test_create_ingredient_invalid_unit PASSED [ 38%]
tests/api/v1/test_ingredient.py::TestIngredientCreate::test_create_ingredient_negative_shelf_life PASSED [ 40%]
tests/api/v1/test_ingredient.py::TestIngredientCreate::test_create_ingredient_empty_name PASSED [ 41%]
tests/api/v1/test_ingredient.py::TestIngredientRead::test_get_ingredient_by_id PASSED [ 43%]
tests/api/v1/test_ingredient.py::TestIngredientRead::test_get_ingredient_not_found PASSED [ 45%]
tests/api/v1/test_ingredient.py::TestIngredientRead::test_get_ingredients_list PASSED [ 47%]
tests/api/v1/test_ingredient.py::TestIngredientRead::test_get_ingredients_pagination PASSED [ 49%]
tests/api/v1/test_ingredient.py::TestIngredientRead::test_get_ingredients_filter_by_name PASSED [ 50%]
tests/api/v1/test_ingredient.py::TestIngredientRead::test_get_ingredients_sorting PASSED [ 52%]
tests/api/v1/test_ingredient.py::TestIngredientUpdate::test_update_ingredient_success PASSED [ 54%]
tests/api/v1/test_ingredient.py::TestIngredientUpdate::test_update_ingredient_not_found PASSED [ 56%]
tests/api/v1/test_ingredient.py::TestIngredientUpdate::test_update_ingredient_duplicate_name PASSED [ 58%]
tests/api/v1/test_ingredient.py::TestIngredientDelete::test_delete_ingredient_success PASSED [ 60%]
tests/api/v1/test_ingredient.py::TestIngredientDelete::test_delete_ingredient_not_found PASSED [ 61%]
tests/api/v1/test_ingredient.py::TestIngredientCheck::test_check_ingredient_exists PASSED [ 63%]
tests/api/v1/test_ingredient.py::TestIngredientCheck::test_check_ingredient_not_exists PASSED [ 65%]
tests/api/v1/test_order.py::TestOrderCreate::test_create_order_success PASSED [ 67%]
tests/api/v1/test_order.py::TestOrderRead::test_get_orders_list PASSED   [ 69%]
tests/api/v1/test_order.py::TestOrderRead::test_get_order_by_id PASSED   [ 70%]
tests/api/v1/test_order.py::TestOrderUpdate::test_update_order_status PASSED [ 72%]
tests/api/v1/test_order.py::TestOrderDelete::test_delete_order PASSED    [ 74%]
tests/api/v1/test_recipe.py::TestRecipeCreate::test_create_recipe_success PASSED [ 76%]
tests/api/v1/test_recipe.py::TestRecipeRead::test_get_recipes_list PASSED [ 78%]
tests/api/v1/test_recipe.py::TestRecipeRead::test_get_recipe_by_id PASSED [ 80%]
tests/api/v1/test_recipe.py::TestRecipeUpdate::test_update_recipe PASSED [ 81%]
tests/api/v1/test_recipe.py::TestRecipeDelete::test_delete_recipe PASSED [ 83%]
tests/api/v1/test_schedule.py::TestScheduleGenerate::test_generate_schedule PASSED [ 85%]
tests/api/v1/test_schedule.py::TestScheduleRead::test_get_schedules_list PASSED [ 87%]
tests/api/v1/test_stock.py::TestStockCreate::test_add_stock_success PASSED [ 89%]
tests/api/v1/test_stock.py::TestStockRead::test_get_stocks_list PASSED   [ 90%]
tests/api/v1/test_stock.py::TestStockRead::test_get_stock_by_ingredient PASSED [ 92%]
tests/api/v1/test_stock.py::TestStockWriteOff::test_write_off_stock PASSED [ 94%]
tests/services/test_scheduler.py::test_generate_schedule_success PASSED  [ 96%]
tests/services/test_scheduler.py::test_generate_schedule_ingredient_deficit PASSED [ 98%]
tests/services/test_scheduler.py::test_generate_schedule_no_operations PASSED [100%]

============================= 55 passed in 2.95s ==============================
Name                                                 Stmts   Miss  Cover   Missing
----------------------------------------------------------------------------------
app\api\v1\__init__.py                                  11      0   100%
app\api\v1\deps.py                                      12      8    33%   18-26
app\api\v1\endpoints\competence.py                      38     16    58%   37-55, 81-89, 137, 162-172
app\api\v1\endpoints\employee.py                       101     35    65%   54-55, 59-60, 100-101, 190, 222, 258-270, 293-325, 356, 393, 405, 434-440
app\api\v1\endpoints\equipment.py                       48     20    58%   38-56, 101-109, 154-162, 208-218, 237
app\api\v1\endpoints\ingredient.py                      47      2    96%   42, 219
app\api\v1\endpoints\order.py                           70     26    63%   48, 143-151, 200, 226-235, 258-266, 293-301, 327-347
app\api\v1\endpoints\recipe.py                          98     43    56%   53, 151, 179, 205-214, 237-245, 272-280, 306-326, 345-354, 378-386, 413-421, 447-467
app\api\v1\endpoints\schedule.py                        86     41    52%   86-87, 117-139, 173-188, 217-232, 258-268, 352, 384, 417, 441-449, 477-485, 510-518
app\api\v1\endpoints\stock.py                           55     16    71%   90-92, 123, 210, 234-262, 289, 313-315
app\core\config.py                                      13      0   100%
app\core\database.py                                    13      2    85%   34-35
app\crud\__init__.py                                    10      0   100%
app\crud\base.py                                        67     18    73%   93, 133-141, 160-173, 192, 219
app\crud\competence.py                                  37      6    84%   68-70, 97-104
app\crud\employee.py                                    83     17    80%   37-39, 120, 141-147, 186, 219-223, 251, 276-286
app\crud\equipment.py                                   49     15    69%   68-70, 93-116, 142
app\crud\ingredient.py                                  37      0   100%
app\crud\order.py                                       86     33    62%   112-129, 155, 184, 240-242, 267-287, 307-320
app\crud\recipe.py                                     119     47    61%   49-51, 150, 183, 240-242, 267-284, 304-317, 368-374, 399-419, 439-452
app\crud\schedule.py                                   122     81    34%   29-40, 68-70, 73-75, 78-79, 82-83, 86-87, 116-130, 140-160, 169-177, 186-197, 208-225, 236-253, 264-271, 290-297, 309-336
app\crud\stock.py                                      122     60    51%   78-79, 83-90, 148, 180-193, 199, 218, 221-222, 234, 259-284, 307-343, 365-396
app\models\__init__.py                                  13      0   100%
app\models\competence.py                                10      0   100%
app\models\employee.py                                  10      0   100%
app\models\employee_competence.py                       11      0   100%
app\models\equipment.py                                 10      0   100%
app\models\ingredient.py                                11      0   100%
app\models\operation.py                                 16      0   100%
app\models\order.py                                     13      0   100%
app\models\order_item.py                                11      0   100%
app\models\recipe.py                                    10      0   100%
app\models\recipe_ingredient.py                         12      0   100%
app\models\schedule.py                                  37      7    81%   30, 34-36, 40, 44, 48
app\models\stock.py                                     12      0   100%
app\schemas\__init__.py                                  9      0   100%
app\schemas\competence.py                               13      0   100%
app\schemas\employee.py                                 24      1    96%   42
app\schemas\employee_competence.py                       9      0   100%
app\schemas\equipment.py                                15      0   100%
app\schemas\ingredient.py                               22      0   100%
app\schemas\operation.py                                25      1    96%   35
app\schemas\order.py                                    38      5    87%   39, 52-54, 92
app\schemas\order_item.py                               13      0   100%
app\schemas\recipe.py                                   36      3    92%   40, 50, 77
app\schemas\recipe_ingredient.py                         9      0   100%
app\schemas\schedule.py                                 74      9    88%   38-41, 78-81, 114
app\schemas\stock.py                                    45      0   100%
app\services\__init__.py                                 2      0   100%
app\services\planning_system\__init__.py                 0      0   100%
app\services\planning_system\schedule_generator.py     237     12    95%   108, 178-181, 187, 250-251, 276-277, 362, 366
main.py                                                 56     36    36%   27-50, 54-55, 59-79
tests\api\v1\test_competence.py                         26      0   100%
tests\api\v1\test_employee.py                           57      0   100%
tests\api\v1\test_equipment.py                          40      1    98%   61
tests\api\v1\test_ingredient.py                        115      0   100%
tests\api\v1\test_order.py                              35      0   100%
tests\api\v1\test_recipe.py                             37      0   100%
tests\api\v1\test_schedule.py                           15      0   100%
tests\api\v1\test_stock.py                              35      0   100%
tests\conftest.py                                       63      0   100%
tests\services\test_scheduler.py                        86      0   100%
----------------------------------------------------------------------------------
TOTAL                                                 2636    561    79%
